  서버.cpp
C:\Users\진성준\Desktop\school\3-1\게임 엔진\PulseCity\Connectingserver\Connectingserver\서버.cpp(35,73): warning C4267: '인수': 'size_t'에서 'int'(으)로 변환하면서 데이터가 손실될 수 있습니다.
C:\Program Files\Microsoft Visual Studio\2022\Community\VC\Tools\MSVC\14.43.34808\include\thread(60,14): error C2672: 'invoke': 일치하는 오버로드된 함수가 없습니다.
  (소스 파일 '서버.cpp'을(를) 컴파일하는 중)
      C:\Program Files\Microsoft Visual Studio\2022\Community\VC\Tools\MSVC\14.43.34808\include\type_traits(1700,16):
      'unknown-type std::invoke(_Callable &&,_Ty1 &&,_Types2 ...) noexcept(<expr>)'일 수 있습니다.
          C:\Program Files\Microsoft Visual Studio\2022\Community\VC\Tools\MSVC\14.43.34808\include\thread(60,14):
          함수 템플릿 'unknown-type std::invoke(_Callable &&,_Ty1 &&,_Types2 ...) noexcept(<expr>)'을(를) 특수화하지 못했습니다.
              C:\Program Files\Microsoft Visual Studio\2022\Community\VC\Tools\MSVC\14.43.34808\include\thread(60,14):
              다음 템플릿 인수 사용:
                  C:\Program Files\Microsoft Visual Studio\2022\Community\VC\Tools\MSVC\14.43.34808\include\thread(60,14):
                  '_Callable=void (__cdecl *)(Socket &)'
                  C:\Program Files\Microsoft Visual Studio\2022\Community\VC\Tools\MSVC\14.43.34808\include\thread(60,14):
                  '_Ty1=std::reference_wrapper<Socket>'
                  C:\Program Files\Microsoft Visual Studio\2022\Community\VC\Tools\MSVC\14.43.34808\include\thread(60,14):
                  '_Types2={std::reference_wrapper<std::mutex>}'
              C:\Program Files\Microsoft Visual Studio\2022\Community\VC\Tools\MSVC\14.43.34808\include\type_traits(1703,45):
              'std::_Invoker_functor::_Call': 일치하는 오버로드된 함수가 없습니다.
                  C:\Program Files\Microsoft Visual Studio\2022\Community\VC\Tools\MSVC\14.43.34808\include\type_traits(1600,27):
                  'unknown-type std::_Invoker_functor::_Call(_Callable &&,_Types ...) noexcept(<expr>)'일 수 있습니다.
      C:\Program Files\Microsoft Visual Studio\2022\Community\VC\Tools\MSVC\14.43.34808\include\type_traits(1694,16):
      또는       'unknown-type std::invoke(_Callable &&) noexcept(<expr>)'
          C:\Program Files\Microsoft Visual Studio\2022\Community\VC\Tools\MSVC\14.43.34808\include\thread(60,14):
          'unknown-type std::invoke(_Callable &&) noexcept(<expr>)': 1개의 인수가 필요합니다. 3개가 제공되었습니다.
      C:\Program Files\Microsoft Visual Studio\2022\Community\VC\Tools\MSVC\14.43.34808\include\thread(60,14):
      템플릿 인스턴스화 컨텍스트(가장 오래된 인스턴스화 컨텍스트)가
          C:\Users\진성준\Desktop\school\3-1\게임 엔진\PulseCity\Connectingserver\Connectingserver\서버.cpp(57,22):
          컴파일되는 함수 템플릿 인스턴스화 'std::thread::thread<void(__cdecl &)(Socket &),std::reference_wrapper<Socket>,std::reference_wrapper<std::mutex>,0>(_Fn,std::reference_wrapper<Socket> &&,std::reference_wrapper<std::mutex> &&)'에 대한 참조를 확인하세요.
          with
          [
              _Fn=void (__cdecl &)(Socket &)
          ]
          C:\Program Files\Microsoft Visual Studio\2022\Community\VC\Tools\MSVC\14.43.34808\include\thread(93,9):
          컴파일되는 함수 템플릿 인스턴스화 'void std::thread::_Start<void(__cdecl &)(Socket &),_Ty,std::reference_wrapper<std::mutex>>(_Fn,_Ty &&,std::reference_wrapper<std::mutex> &&)'에 대한 참조를 확인하세요.
          with
          [
              _Ty=std::reference_wrapper<Socket>,
              _Fn=void (__cdecl &)(Socket &)
          ]
          C:\Program Files\Microsoft Visual Studio\2022\Community\VC\Tools\MSVC\14.43.34808\include\thread(76,40):
          컴파일되는 함수 템플릿 인스턴스화 'unsigned int (__cdecl *std::thread::_Get_invoke<std::thread::_Start::_Tuple,0,1,2>(std::integer_sequence<size_t,0,1,2>) noexcept)(void *)'에 대한 참조를 확인하세요.
          C:\Program Files\Microsoft Visual Studio\2022\Community\VC\Tools\MSVC\14.43.34808\include\thread(67,17):
          컴파일되는 함수 템플릿 인스턴스화 'unsigned int std::thread::_Invoke<std::thread::_Start::_Tuple,0,1,2>(void *) noexcept'에 대한 참조를 확인하세요.
  
