  main.cpp
C:\Users\nohc2\OneDrive\Desktop\WorkRoom\Dev\CollegeProjects\PulseCity\GraphicsStudy\GraduationProject001\GraduationProject001\main.cpp(80,16): warning C4244: 'return': 'WPARAM'에서 'int'(으)로 변환하면서 데이터가 손실될 수 있습니다.
C:\Users\nohc2\OneDrive\Desktop\WorkRoom\Dev\CollegeProjects\PulseCity\GraphicsStudy\GraduationProject001\GraduationProject001\main.cpp(85,6): warning C4101: 'hdc' :참조되지 않은 지역 변수입니다.
C:\Users\nohc2\OneDrive\Desktop\WorkRoom\Dev\CollegeProjects\PulseCity\GraphicsStudy\GraduationProject001\GraduationProject001\main.cpp(483,22): warning C4805: '!=': 연산에 'bool' 형식과 'BOOL' 형식을 함께 사용하는 것은 안전하지 않습니다.
C:\Users\nohc2\OneDrive\Desktop\WorkRoom\Dev\CollegeProjects\PulseCity\GraphicsStudy\GraduationProject001\GraduationProject001\main.cpp(648,22): warning C4244: '초기화 중': 'UINT64'에서 'ui32'(으)로 변환하면서 데이터가 손실될 수 있습니다.
C:\Users\nohc2\OneDrive\Desktop\WorkRoom\Dev\CollegeProjects\PulseCity\GraphicsStudy\GraduationProject001\GraduationProject001\main.cpp(1064,10): warning C4267: '초기화 중': 'size_t'에서 'int'(으)로 변환하면서 데이터가 손실될 수 있습니다.
C:\Users\nohc2\OneDrive\Desktop\WorkRoom\Dev\CollegeProjects\PulseCity\GraphicsStudy\GraduationProject001\GraduationProject001\main.cpp(1088,18): warning C4267: '초기화 중': 'size_t'에서 'int'(으)로 변환하면서 데이터가 손실될 수 있습니다.
C:\Users\nohc2\OneDrive\Desktop\WorkRoom\Dev\CollegeProjects\PulseCity\GraphicsStudy\GraduationProject001\GraduationProject001\main.cpp(1094,186): warning C4267: '인수': 'size_t'에서 'int'(으)로 변환하면서 데이터가 손실될 수 있습니다.
C:\Users\nohc2\OneDrive\Desktop\WorkRoom\Dev\CollegeProjects\PulseCity\GraphicsStudy\GraduationProject001\GraduationProject001\main.cpp(1095,177): warning C4267: '인수': 'size_t'에서 'int'(으)로 변환하면서 데이터가 손실될 수 있습니다.
C:\Users\nohc2\OneDrive\Desktop\WorkRoom\Dev\CollegeProjects\PulseCity\GraphicsStudy\GraduationProject001\GraduationProject001\main.cpp(1102,172): warning C4267: '인수': 'size_t'에서 'int'(으)로 변환하면서 데이터가 손실될 수 있습니다.
C:\Users\nohc2\OneDrive\Desktop\WorkRoom\Dev\CollegeProjects\PulseCity\GraphicsStudy\GraduationProject001\GraduationProject001\main.cpp(1103,177): warning C4267: '인수': 'size_t'에서 'int'(으)로 변환하면서 데이터가 손실될 수 있습니다.
C:\Users\nohc2\OneDrive\Desktop\WorkRoom\Dev\CollegeProjects\PulseCity\GraphicsStudy\GraduationProject001\GraduationProject001\main.cpp(1108,54): warning C4267: '=': 'size_t'에서 'UINT'(으)로 변환하면서 데이터가 손실될 수 있습니다.
C:\Users\nohc2\OneDrive\Desktop\WorkRoom\Dev\CollegeProjects\PulseCity\GraphicsStudy\GraduationProject001\GraduationProject001\main.cpp(1110,33): warning C4267: '=': 'size_t'에서 'ui32'(으)로 변환하면서 데이터가 손실될 수 있습니다.
C:\Users\nohc2\OneDrive\Desktop\WorkRoom\Dev\CollegeProjects\PulseCity\GraphicsStudy\GraduationProject001\GraduationProject001\main.cpp(1111,32): warning C4267: '=': 'size_t'에서 'ui32'(으)로 변환하면서 데이터가 손실될 수 있습니다.
  코드를 생성하고 있습니다.
C:\Users\nohc2\OneDrive\Desktop\WorkRoom\Dev\CollegeProjects\PulseCity\GraphicsStudy\GraduationProject001\GraduationProject001\main.cpp(588): warning C4715: 'GlobalDevice::PixelFormatToPixelSize': 모든 제어 경로에서 값을 반환하지는 않습니다.
  395 of 405 functions (97.5%) were compiled, the rest were copied from previous compilation.
    3 functions were new in current compilation
    2 functions had inline decision re-evaluated but remain unchanged
  코드를 생성했습니다.
  GraduationProject001.vcxproj -> C:\Users\nohc2\OneDrive\Desktop\WorkRoom\Dev\CollegeProjects\PulseCity\GraphicsStudy\GraduationProject001\x64\Release\GraduationProject001.exe
